Flutter crash report.
Please report a bug at https://github.com/flutter/flutter/issues.

## command

flutter --no-color run --machine --track-widget-creation --device-id=emulator-5554 --start-paused --dart-define=flutter.inspector.structuredErrors=true --devtools-server-address=http://127.0.0.1:9100 lib\main.dart

## exception

NoSuchMethodError: NoSuchMethodError: The method 'contains' was called on null.
Receiver: null
Tried calling: contains("ext.flutter.activeDevToolsServerAddress")

```
#0      Object.noSuchMethod (dart:core-patch/object_patch.dart:54:5)
#1      waitForExtension (package:flutter_tools/src/resident_runner.dart:1483:31)
<asynchronous suspension>
#2      ResidentRunner._callDevToolsUriExtension (package:flutter_tools/src/resident_runner.dart:1302:5)
<asynchronous suspension>
#3      Future.wait.<anonymous closure> (dart:async/future.dart)
<asynchronous suspension>
#4      ResidentRunner.maybeCallDevToolsUriServiceExtension (package:flutter_tools/src/resident_runner.dart:1291:7)
<asynchronous suspension>
```

## flutter doctor

```
[✓] Flutter (Channel stable, 2.0.1, on Microsoft Windows [Version 10.0.18363.1440], locale en-IN)
    • Flutter version 2.0.1 at C:\src\flutter
    • Framework revision c5a4b4029c (5 weeks ago), 2021-03-04 09:47:48 -0800
    • Engine revision 40441def69
    • Dart version 2.12.0

[✓] Android toolchain - develop for Android devices (Android SDK version 30.0.3)
    • Android SDK at C:\Users\venkateswarlu b\AppData\Local\Android\sdk
    • Platform android-30, build-tools 30.0.3
    • Java binary at: C:\Program Files\Android\Android Studio\jre\bin\java
    • Java version OpenJDK Runtime Environment (build 1.8.0_242-release-1644-b01)
    • All Android licenses accepted.

[✓] Chrome - develop for the web
    • Chrome at C:\Program Files (x86)\Google\Chrome\Application\chrome.exe

[✓] Android Studio (version 4.1.0)
    • Android Studio at C:\Program Files\Android\Android Studio
    • Flutter plugin can be installed from:
      🔨 https://plugins.jetbrains.com/plugin/9212-flutter
    • Dart plugin can be installed from:
      🔨 https://plugins.jetbrains.com/plugin/6351-dart
    • Java version OpenJDK Runtime Environment (build 1.8.0_242-release-1644-b01)

[✓] VS Code (version 1.54.3)
    • VS Code at C:\Users\venkateswarlu b\AppData\Local\Programs\Microsoft VS Code
    • Flutter extension version 3.20.0

[✓] Connected device (3 available)
    • sdk gphone x86 arm (mobile) • emulator-5554 • android-x86    • Android 11 (API 30) (emulator)
    • Chrome (web)                • chrome        • web-javascript • Google Chrome 89.0.4389.114
    • Edge (web)                  • edge          • web-javascript • Microsoft Edge 89.0.774.63

• No issues found!
```
