#
# There is insufficient memory for the Java Runtime Environment to continue.
# Native memory allocation (malloc) failed to allocate 33456 bytes for Chunk::new
# Possible reasons:
#   The system is out of physical RAM or swap space
#   The process is running with CompressedOops enabled, and the Java Heap may be blocking the growth of the native heap
# Possible solutions:
#   Reduce memory load on the system
#   Increase physical memory or swap space
#   Check if swap backing store is full
#   Decrease Java heap size (-Xmx/-Xms)
#   Decrease number of Java threads
#   Decrease Java thread stack sizes (-Xss)
#   Set larger code cache with -XX:ReservedCodeCacheSize=
#   JVM is running with Unscaled Compressed Oops mode in which the Java heap is
#     placed in the first 4GB address space. The Java Heap base address is the
#     maximum limit for the native heap growth. Please use -XX:HeapBaseMinAddress
#     to set the Java Heap base and to place the Java Heap above 4GB virtual address.
# This output file may be truncated or incomplete.
#
#  Out of Memory Error (allocation.cpp:389), pid=9592, tid=0x0000000000000da8
#
# JRE version: OpenJDK Runtime Environment (8.0_242-b01) (build 1.8.0_242-release-1644-b01)
# Java VM: OpenJDK 64-Bit Server VM (25.242-b01 mixed mode windows-amd64 compressed oops)
# Failed to write core dump. Minidumps are not enabled by default on client versions of Windows
#

---------------  T H R E A D  ---------------

Current thread (0x000000001641c800):  JavaThread "C2 CompilerThread0" daemon [_thread_in_native, id=3496, stack(0x0000000017a70000,0x0000000017b70000)]

Stack: [0x0000000017a70000,0x0000000017b70000]
[error occurred during error reporting (printing stack bounds), id 0xc0000005]

Native frames: (J=compiled Java code, j=interpreted, Vv=VM code, C=native code)


Current CompileTask:
C2:12234006 17648       4       org.gradle.internal.operations.CurrentBuildOperationRef::getId (20 bytes)


---------------  P R O C E S S  ---------------

Java Threads: ( => current thread )
  0x000000001a02f000 JavaThread "Exec process Thread 12" [_thread_in_native, id=7736, stack(0x0000000025e80000,0x0000000025f80000)]
  0x000000001d37d000 JavaThread "Exec process Thread 11" [_thread_in_native, id=9768, stack(0x0000000025b80000,0x0000000025c80000)]
  0x000000001d37c000 JavaThread "Exec process Thread 10" [_thread_in_native, id=14724, stack(0x0000000025680000,0x0000000025780000)]
  0x000000001d380000 JavaThread "Cache worker for execution history cache (E:\flutter\ydrs-mobile-app\YourDoctorApp\android\.gradle\5.6.2\executionHistory)" [_thread_blocked, id=10148, stack(0x0000000025580000,0x0000000025680000)]
  0x000000001d37b800 JavaThread "Execution worker for ':' Thread 3" [_thread_blocked, id=15412, stack(0x0000000025480000,0x0000000025580000)]
  0x000000001d37e800 JavaThread "Execution worker for ':' Thread 2" [_thread_blocked, id=10428, stack(0x0000000025380000,0x0000000025480000)]
  0x000000001d374000 JavaThread "Execution worker for ':'" [_thread_blocked, id=10136, stack(0x0000000025280000,0x0000000025380000)]
  0x000000001d37a800 JavaThread "Cache worker for file content cache (E:\flutter\ydrs-mobile-app\YourDoctorApp\android\.gradle\5.6.2\fileContent)" [_thread_blocked, id=2448, stack(0x0000000024710000,0x0000000024810000)]
  0x000000001d379000 JavaThread "Cache worker for Build Output Cleanup Cache (E:\flutter\ydrs-mobile-app\YourDoctorApp\android\.gradle\buildOutputCleanup)" [_thread_blocked, id=768, stack(0x0000000022020000,0x0000000022120000)]
  0x000000001d371800 JavaThread "Build operations Thread 4" [_thread_blocked, id=17240, stack(0x0000000021b20000,0x0000000021c20000)]
  0x000000001d374800 JavaThread "Build operations Thread 3" [_thread_blocked, id=12820, stack(0x0000000021a20000,0x0000000021b20000)]
  0x000000001d376000 JavaThread "Build operations Thread 2" [_thread_blocked, id=13940, stack(0x0000000021920000,0x0000000021a20000)]
  0x000000001d373000 JavaThread "Build operations" [_thread_blocked, id=16252, stack(0x0000000021820000,0x0000000021920000)]
  0x000000001d378800 JavaThread "Cache worker for cache directory md-rule (C:\Users\venkateswarlu b\.gradle\caches\5.6.2\md-rule)" [_thread_blocked, id=14916, stack(0x0000000020d50000,0x0000000020e50000)]
  0x000000001cb8b800 JavaThread "Cache worker for cache directory md-supplier (C:\Users\venkateswarlu b\.gradle\caches\5.6.2\md-supplier)" [_thread_blocked, id=5104, stack(0x0000000020c50000,0x0000000020d50000)]
  0x000000001cb88800 JavaThread "Cache worker for file hash cache (E:\flutter\ydrs-mobile-app\YourDoctorApp\android\.gradle\5.6.2\fileHashes)" [_thread_blocked, id=328, stack(0x000000001e530000,0x000000001e630000)]
  0x000000001cb80800 JavaThread "Thread-86" [_thread_blocked, id=10656, stack(0x000000001bc90000,0x000000001bd90000)]
  0x000000001cb87800 JavaThread "Stdin handler" [_thread_blocked, id=15716, stack(0x000000001bb90000,0x000000001bc90000)]
  0x000000001cb87000 JavaThread "Asynchronous log dispatcher for DefaultDaemonConnection: socket connection from /127.0.0.1:58229 to /127.0.0.1:54850" [_thread_blocked, id=15568, stack(0x000000001b890000,0x000000001b990000)]
  0x000000001cb83000 JavaThread "Daemon worker Thread 4" [_thread_blocked, id=11804, stack(0x000000001b790000,0x000000001b890000)]
  0x000000001cb82800 JavaThread "Cancel handler" [_thread_blocked, id=12812, stack(0x000000001b490000,0x000000001b590000)]
  0x000000001cb81800 JavaThread "Handler for socket connection from /127.0.0.1:58229 to /127.0.0.1:54850" [_thread_in_native, id=2404, stack(0x0000000002710000,0x0000000002810000)]
  0x000000001cb7f000 JavaThread "Daemon Thread 4" [_thread_blocked, id=17224, stack(0x0000000000e00000,0x0000000000f00000)]
  0x000000001cb84800 JavaThread "Cache worker for file content cache (C:\Users\venkateswarlu b\.gradle\caches\5.6.2\fileContent)" [_thread_blocked, id=10912, stack(0x0000000024610000,0x0000000024710000)]
  0x000000001cb7c000 JavaThread "Memory manager" [_thread_blocked, id=13616, stack(0x0000000022120000,0x0000000022220000)]
  0x000000001cb80000 JavaThread "Cache worker for execution history cache (C:\Users\venkateswarlu b\.gradle\caches\5.6.2\executionHistory)" [_thread_blocked, id=4376, stack(0x0000000020e50000,0x0000000020f50000)]
  0x000000001a02c000 JavaThread "Cache worker for journal cache (C:\Users\venkateswarlu b\.gradle\caches\journal-1)" [_thread_blocked, id=14044, stack(0x000000001bf90000,0x000000001c090000)]
  0x000000001a02f800 JavaThread "File lock request listener" [_thread_in_native, id=10932, stack(0x000000001be90000,0x000000001bf90000)]
  0x000000001a4b2800 JavaThread "Cache worker for file hash cache (C:\Users\venkateswarlu b\.gradle\caches\5.6.2\fileHashes)" [_thread_blocked, id=2956, stack(0x000000001bd90000,0x000000001be90000)]
  0x0000000019f1f800 JavaThread "Daemon periodic checks" [_thread_blocked, id=13536, stack(0x000000001b390000,0x000000001b490000)]
  0x0000000019edd000 JavaThread "Incoming local TCP Connector on port 58229" [_thread_in_native, id=9192, stack(0x000000001b150000,0x000000001b250000)]
  0x00000000198ae000 JavaThread "Daemon health stats" [_thread_blocked, id=9528, stack(0x000000001ab10000,0x000000001ac10000)]
  0x000000001647c800 JavaThread "Service Thread" daemon [_thread_blocked, id=7716, stack(0x0000000018170000,0x0000000018270000)]
  0x0000000017c78800 JavaThread "C1 CompilerThread2" daemon [_thread_blocked, id=14056, stack(0x0000000018070000,0x0000000018170000)]
  0x000000001641e800 JavaThread "C2 CompilerThread1" daemon [_thread_in_native, id=17300, stack(0x0000000017b70000,0x0000000017c70000)]
=>0x000000001641c800 JavaThread "C2 CompilerThread0" daemon [_thread_in_native, id=3496, stack(0x0000000017a70000,0x0000000017b70000)]
  0x000000001641a000 JavaThread "Attach Listener" daemon [_thread_blocked, id=2812, stack(0x0000000017970000,0x0000000017a70000)]
  0x000000001642c000 JavaThread "Signal Dispatcher" daemon [_thread_blocked, id=12492, stack(0x0000000017870000,0x0000000017970000)]
  0x0000000002aa8000 JavaThread "Finalizer" daemon [_thread_blocked, id=6564, stack(0x0000000017670000,0x0000000017770000)]
  0x0000000016409000 JavaThread "Reference Handler" daemon [_thread_blocked, id=11388, stack(0x0000000017570000,0x0000000017670000)]
  0x00000000028ae800 JavaThread "main" [_thread_blocked, id=1224, stack(0x00000000028b0000,0x00000000029b0000)]

Other Threads:
  0x00000000163e7800 VMThread [stack: 0x0000000017470000,0x0000000017570000] [id=9360]
  0x000000001647d800 WatcherThread [stack: 0x0000000018270000,0x0000000018370000] [id=1328]

VM state:not at safepoint (normal execution)

VM Mutex/Monitor currently owned by a thread: None

heap address: 0x00000000a0000000, size: 1536 MB, Compressed Oops mode: 32-bit
Narrow klass base: 0x0000000000000000, Narrow klass shift: 3
Compressed class space size: 1073741824 Address: 0x0000000100000000

Heap:
 PSYoungGen      total 323072K, used 298470K [0x00000000e0000000, 0x00000000fef00000, 0x0000000100000000)
  eden space 297984K, 91% used [0x00000000e0000000,0x00000000f0b46458,0x00000000f2300000)
  from space 25088K, 98% used [0x00000000f2c00000,0x00000000f44333e0,0x00000000f4480000)
  to   space 104448K, 0% used [0x00000000f8900000,0x00000000f8900000,0x00000000fef00000)
 ParOldGen       total 416768K, used 287460K [0x00000000a0000000, 0x00000000b9700000, 0x00000000e0000000)
  object space 416768K, 68% used [0x00000000a0000000,0x00000000b18b90b8,0x00000000b9700000)
 Metaspace       used 78335K, capacity 83884K, committed 84008K, reserved 1122304K
  class space    used 10324K, capacity 11543K, committed 11568K, reserved 1048576K

Card table byte_map: [0x0000000011e70000,0x0000000012180000] byte_map_base: 0x0000000011970000

Marking Bits: (ParMarkBitMap*) 0x000000005829f030
 Begin Bits: [0x0000000012780000, 0x0000000013f80000)
 End Bits:   [0x0000000013f80000, 0x0000000015780000)

Polling page: 0x0000000000f30000

CodeCache: size=245760Kb used=48126Kb max_used=48190Kb free=197633Kb
 bounds [0x0000000002ab0000, 0x0000000005a10000, 0x0000000011ab0000]
 total_blobs=15015 nmethods=14183 adapters=744
 compilation: enabled

Compilation events (10 events):
Event: 12233.965 Thread 0x0000000017c78800 17660       1       org.gradle.internal.logging.events.StyledTextOutputEvent$Span::access$100 (5 bytes)
Event: 12233.965 Thread 0x0000000017c78800 nmethod 17660 0x0000000003a2f850 code [0x0000000003a2f9a0, 0x0000000003a2fa90]
Event: 12233.965 Thread 0x0000000017c78800 17663       1       org.gradle.internal.logging.events.StyledTextOutputEvent::getSpans (5 bytes)
Event: 12233.965 Thread 0x0000000017c78800 nmethod 17663 0x0000000003a2f590 code [0x0000000003a2f6e0, 0x0000000003a2f7f0]
Event: 12233.965 Thread 0x0000000017c78800 17664       1       org.gradle.internal.logging.events.StyledTextOutputEvent$Span::getStyle (5 bytes)
Event: 12233.965 Thread 0x0000000017c78800 nmethod 17664 0x0000000002c8c590 code [0x0000000002c8c6e0, 0x0000000002c8c7f0]
Event: 12233.965 Thread 0x0000000017c78800 17665       1       org.gradle.internal.logging.events.StyledTextOutputEvent$Span::getText (5 bytes)
Event: 12233.965 Thread 0x0000000017c78800 nmethod 17665 0x0000000002c8c2d0 code [0x0000000002c8c420, 0x0000000002c8c530]
Event: 12233.965 Thread 0x0000000017c78800 17666       1       org.gradle.internal.logging.source.PrintStreamLoggingSystem::access$000 (5 bytes)
Event: 12233.965 Thread 0x0000000017c78800 nmethod 17666 0x0000000003d2c0d0 code [0x0000000003d2c220, 0x0000000003d2c310]

GC Heap History (10 events):
Event: 42.712 GC heap before
{Heap before GC invocations=17 (full 4):
 PSYoungGen      total 332800K, used 31742K [0x00000000e0000000, 0x00000000fe700000, 0x0000000100000000)
  eden space 301056K, 0% used [0x00000000e0000000,0x00000000e0000000,0x00000000f2600000)
  from space 31744K, 99% used [0x00000000f2600000,0x00000000f44ffbc8,0x00000000f4500000)
  to   space 66048K, 0% used [0x00000000fa680000,0x00000000fa680000,0x00000000fe700000)
 ParOldGen       total 192512K, used 155335K [0x00000000a0000000, 0x00000000abc00000, 0x00000000e0000000)
  object space 192512K, 80% used [0x00000000a0000000,0x00000000a97b1d98,0x00000000abc00000)
 Metaspace       used 72197K, capacity 76844K, committed 77096K, reserved 1116160K
  class space    used 9857K, capacity 10933K, committed 11056K, reserved 1048576K
Event: 42.973 GC heap after
Heap after GC invocations=17 (full 4):
 PSYoungGen      total 332800K, used 0K [0x00000000e0000000, 0x00000000fe700000, 0x0000000100000000)
  eden space 301056K, 0% used [0x00000000e0000000,0x00000000e0000000,0x00000000f2600000)
  from space 31744K, 0% used [0x00000000f2600000,0x00000000f2600000,0x00000000f4500000)
  to   space 66048K, 0% used [0x00000000fa680000,0x00000000fa680000,0x00000000fe700000)
 ParOldGen       total 416768K, used 172438K [0x00000000a0000000, 0x00000000b9700000, 0x00000000e0000000)
  object space 416768K, 41% used [0x00000000a0000000,0x00000000aa865bb8,0x00000000b9700000)
 Metaspace       used 72160K, capacity 76740K, committed 77096K, reserved 1116160K
  class space    used 9846K, capacity 10913K, committed 11056K, reserved 1048576K
}
Event: 3907.903 GC heap before
{Heap before GC invocations=18 (full 4):
 PSYoungGen      total 332800K, used 301056K [0x00000000e0000000, 0x00000000fe700000, 0x0000000100000000)
  eden space 301056K, 100% used [0x00000000e0000000,0x00000000f2600000,0x00000000f2600000)
  from space 31744K, 0% used [0x00000000f2600000,0x00000000f2600000,0x00000000f4500000)
  to   space 66048K, 0% used [0x00000000fa680000,0x00000000fa680000,0x00000000fe700000)
 ParOldGen       total 416768K, used 172438K [0x00000000a0000000, 0x00000000b9700000, 0x00000000e0000000)
  object space 416768K, 41% used [0x00000000a0000000,0x00000000aa865bb8,0x00000000b9700000)
 Metaspace       used 76920K, capacity 82040K, committed 82344K, reserved 1120256K
  class space    used 10244K, capacity 11377K, committed 11440K, reserved 1048576K
Event: 3907.999 GC heap after
Heap after GC invocations=18 (full 4):
 PSYoungGen      total 428032K, used 48308K [0x00000000e0000000, 0x00000000fec80000, 0x0000000100000000)
  eden space 361984K, 0% used [0x00000000e0000000,0x00000000e0000000,0x00000000f6180000)
  from space 66048K, 73% used [0x00000000fa680000,0x00000000fd5ad148,0x00000000fe700000)
  to   space 70656K, 0% used [0x00000000f6180000,0x00000000f6180000,0x00000000fa680000)
 ParOldGen       total 416768K, used 172446K [0x00000000a0000000, 0x00000000b9700000, 0x00000000e0000000)
  object space 416768K, 41% used [0x00000000a0000000,0x00000000aa867bb8,0x00000000b9700000)
 Metaspace       used 76920K, capacity 82040K, committed 82344K, reserved 1120256K
  class space    used 10244K, capacity 11377K, committed 11440K, reserved 1048576K
}
Event: 3953.304 GC heap before
{Heap before GC invocations=19 (full 4):
 PSYoungGen      total 428032K, used 403762K [0x00000000e0000000, 0x00000000fec80000, 0x0000000100000000)
  eden space 361984K, 98% used [0x00000000e0000000,0x00000000f5b1f7a8,0x00000000f6180000)
  from space 66048K, 73% used [0x00000000fa680000,0x00000000fd5ad148,0x00000000fe700000)
  to   space 70656K, 0% used [0x00000000f6180000,0x00000000f6180000,0x00000000fa680000)
 ParOldGen       total 416768K, used 172446K [0x00000000a0000000, 0x00000000b9700000, 0x00000000e0000000)
  object space 416768K, 41% used [0x00000000a0000000,0x00000000aa867bb8,0x00000000b9700000)
 Metaspace       used 77439K, capacity 82860K, committed 82984K, reserved 1120256K
  class space    used 10294K, capacity 11469K, committed 11568K, reserved 1048576K
Event: 3953.423 GC heap after
Heap after GC invocations=19 (full 4):
 PSYoungGen      total 421376K, used 70635K [0x00000000e0000000, 0x0000000100000000, 0x0000000100000000)
  eden space 350720K, 0% used [0x00000000e0000000,0x00000000e0000000,0x00000000f5680000)
  from space 70656K, 99% used [0x00000000f6180000,0x00000000fa67adc8,0x00000000fa680000)
  to   space 91648K, 0% used [0x00000000fa680000,0x00000000fa680000,0x0000000100000000)
 ParOldGen       total 416768K, used 230662K [0x00000000a0000000, 0x00000000b9700000, 0x00000000e0000000)
  object space 416768K, 55% used [0x00000000a0000000,0x00000000ae141bc8,0x00000000b9700000)
 Metaspace       used 77439K, capacity 82860K, committed 82984K, reserved 1120256K
  class space    used 10294K, capacity 11469K, committed 11568K, reserved 1048576K
}
Event: 4468.619 GC heap before
{Heap before GC invocations=20 (full 4):
 PSYoungGen      total 421376K, used 421355K [0x00000000e0000000, 0x0000000100000000, 0x0000000100000000)
  eden space 350720K, 100% used [0x00000000e0000000,0x00000000f5680000,0x00000000f5680000)
  from space 70656K, 99% used [0x00000000f6180000,0x00000000fa67adc8,0x00000000fa680000)
  to   space 91648K, 0% used [0x00000000fa680000,0x00000000fa680000,0x0000000100000000)
 ParOldGen       total 416768K, used 230662K [0x00000000a0000000, 0x00000000b9700000, 0x00000000e0000000)
  object space 416768K, 55% used [0x00000000a0000000,0x00000000ae141bc8,0x00000000b9700000)
 Metaspace       used 77894K, capacity 83416K, committed 83496K, reserved 1122304K
  class space    used 10310K, capacity 11521K, committed 11568K, reserved 1048576K
Event: 4470.078 GC heap after
Heap after GC invocations=20 (full 4):
 PSYoungGen      total 398848K, used 67773K [0x00000000e0000000, 0x0000000100000000, 0x0000000100000000)
  eden space 307200K, 0% used [0x00000000e0000000,0x00000000e0000000,0x00000000f2c00000)
  from space 91648K, 73% used [0x00000000fa680000,0x00000000fe8af440,0x0000000100000000)
  to   space 108544K, 0% used [0x00000000f2c00000,0x00000000f2c00000,0x00000000f9600000)
 ParOldGen       total 416768K, used 287452K [0x00000000a0000000, 0x00000000b9700000, 0x00000000e0000000)
  object space 416768K, 68% used [0x00000000a0000000,0x00000000b18b70b8,0x00000000b9700000)
 Metaspace       used 77894K, capacity 83416K, committed 83496K, reserved 1122304K
  class space    used 10310K, capacity 11521K, committed 11568K, reserved 1048576K
}
Event: 9232.417 GC heap before
{Heap before GC invocations=21 (full 4):
 PSYoungGen      total 398848K, used 374973K [0x00000000e0000000, 0x0000000100000000, 0x0000000100000000)
  eden space 307200K, 100% used [0x00000000e0000000,0x00000000f2c00000,0x00000000f2c00000)
  from space 91648K, 73% used [0x00000000fa680000,0x00000000fe8af440,0x0000000100000000)
  to   space 108544K, 0% used [0x00000000f2c00000,0x00000000f2c00000,0x00000000f9600000)
 ParOldGen       total 416768K, used 287452K [0x00000000a0000000, 0x00000000b9700000, 0x00000000e0000000)
  object space 416768K, 68% used [0x00000000a0000000,0x00000000b18b70b8,0x00000000b9700000)
 Metaspace       used 77984K, capacity 83556K, committed 83752K, reserved 1122304K
  class space    used 10312K, capacity 11523K, committed 11568K, reserved 1048576K
Event: 9232.486 GC heap after
Heap after GC invocations=21 (full 4):
 PSYoungGen      total 323072K, used 24780K [0x00000000e0000000, 0x00000000fef00000, 0x0000000100000000)
  eden space 297984K, 0% used [0x00000000e0000000,0x00000000e0000000,0x00000000f2300000)
  from space 25088K, 98% used [0x00000000f2c00000,0x00000000f44333e0,0x00000000f4480000)
  to   space 104448K, 0% used [0x00000000f8900000,0x00000000f8900000,0x00000000fef00000)
 ParOldGen       total 416768K, used 287460K [0x00000000a0000000, 0x00000000b9700000, 0x00000000e0000000)
  object space 416768K, 68% used [0x00000000a0000000,0x00000000b18b90b8,0x00000000b9700000)
 Metaspace       used 77984K, capacity 83556K, committed 83752K, reserved 1122304K
  class space    used 10312K, capacity 11523K, committed 11568K, reserved 1048576K
}

Deoptimization events (10 events):
Event: 12233.815 Thread 0x000000001d37d000 Uncommon trap: reason=class_check action=maybe_recompile pc=0x000000000417a7a4 method=org.gradle.internal.logging.console.StyledTextOutputBackedRenderer.onOutput(Lorg/gradle/internal/logging/events/OutputEvent;)V @ 65
Event: 12233.815 Thread 0x000000001d37d000 Uncommon trap: reason=class_check action=maybe_recompile pc=0x0000000003f2d0c4 method=org.gradle.internal.logging.sink.ProgressLogEventGenerator.onOutput(Lorg/gradle/internal/logging/events/OutputEvent;)V @ 45
Event: 12233.816 Thread 0x000000001d37d000 Uncommon trap: reason=class_check action=maybe_recompile pc=0x0000000005067574 method=org.gradle.internal.logging.sink.OutputEventTransformer.onOutput(Lorg/gradle/internal/logging/events/OutputEvent;)V @ 335
Event: 12233.816 Thread 0x000000001d37d000 Uncommon trap: reason=class_check action=maybe_recompile pc=0x000000000417a7a4 method=org.gradle.internal.logging.console.StyledTextOutputBackedRenderer.onOutput(Lorg/gradle/internal/logging/events/OutputEvent;)V @ 65
Event: 12233.816 Thread 0x000000001d37d000 Uncommon trap: reason=class_check action=maybe_recompile pc=0x0000000003f2d0c4 method=org.gradle.internal.logging.sink.ProgressLogEventGenerator.onOutput(Lorg/gradle/internal/logging/events/OutputEvent;)V @ 45
Event: 12233.816 Thread 0x000000001d37d000 Uncommon trap: reason=class_check action=maybe_recompile pc=0x0000000005067574 method=org.gradle.internal.logging.sink.OutputEventTransformer.onOutput(Lorg/gradle/internal/logging/events/OutputEvent;)V @ 335
Event: 12233.816 Thread 0x000000001d37d000 Uncommon trap: reason=class_check action=maybe_recompile pc=0x000000000417a7a4 method=org.gradle.internal.logging.console.StyledTextOutputBackedRenderer.onOutput(Lorg/gradle/internal/logging/events/OutputEvent;)V @ 65
Event: 12233.816 Thread 0x000000001d37d000 Uncommon trap: reason=class_check action=maybe_recompile pc=0x0000000003f2d0c4 method=org.gradle.internal.logging.sink.ProgressLogEventGenerator.onOutput(Lorg/gradle/internal/logging/events/OutputEvent;)V @ 45
Event: 12233.816 Thread 0x000000001d37d000 Uncommon trap: reason=class_check action=maybe_recompile pc=0x0000000003aa63bc method=org.gradle.internal.logging.console.StyledTextOutputBackedRenderer.onOutput(Lorg/gradle/internal/logging/events/OutputEvent;)V @ 65
Event: 12233.945 Thread 0x000000001d37d000 Uncommon trap: reason=class_check action=maybe_recompile pc=0x00000000037fd978 method=org.gradle.internal.logging.console.StyledTextOutputBackedRenderer.onOutput(Lorg/gradle/internal/logging/events/OutputEvent;)V @ 65

Classes redefined (0 events):
No events

Internal exceptions (10 events):
Event: 4474.392 Thread 0x000000001a02f000 Exception <a 'sun/nio/fs/WindowsException'> (0x00000000efab08c0) thrown at [C:\src\AOSP-openjdk-git\hotspot\src\share\vm\prims\jni.cpp, line 710]
Event: 4474.392 Thread 0x000000001a02f000 Exception <a 'sun/nio/fs/WindowsException'> (0x00000000efab22b8) thrown at [C:\src\AOSP-openjdk-git\hotspot\src\share\vm\prims\jni.cpp, line 710]
Event: 4474.393 Thread 0x000000001a02f000 Exception <a 'sun/nio/fs/WindowsException'> (0x00000000efab3cb0) thrown at [C:\src\AOSP-openjdk-git\hotspot\src\share\vm\prims\jni.cpp, line 710]
Event: 4474.393 Thread 0x000000001a02f000 Exception <a 'sun/nio/fs/WindowsException'> (0x00000000efab56d0) thrown at [C:\src\AOSP-openjdk-git\hotspot\src\share\vm\prims\jni.cpp, line 710]
Event: 4474.393 Thread 0x000000001a02f000 Exception <a 'sun/nio/fs/WindowsException'> (0x00000000efab7138) thrown at [C:\src\AOSP-openjdk-git\hotspot\src\share\vm\prims\jni.cpp, line 710]
Event: 4474.394 Thread 0x000000001a02f000 Exception <a 'sun/nio/fs/WindowsException'> (0x00000000efab8b30) thrown at [C:\src\AOSP-openjdk-git\hotspot\src\share\vm\prims\jni.cpp, line 710]
Event: 4474.394 Thread 0x000000001a02f000 Exception <a 'sun/nio/fs/WindowsException'> (0x00000000efaba528) thrown at [C:\src\AOSP-openjdk-git\hotspot\src\share\vm\prims\jni.cpp, line 710]
Event: 4474.394 Thread 0x000000001a02f000 Exception <a 'sun/nio/fs/WindowsException'> (0x00000000efabbf20) thrown at [C:\src\AOSP-openjdk-git\hotspot\src\share\vm\prims\jni.cpp, line 710]
Event: 4474.394 Thread 0x000000001a02f000 Exception <a 'sun/nio/fs/WindowsException'> (0x00000000efabd918) thrown at [C:\src\AOSP-openjdk-git\hotspot\src\share\vm\prims\jni.cpp, line 710]
Event: 4474.395 Thread 0x000000001a02f000 Exception <a 'sun/nio/fs/WindowsException'> (0x00000000efabf320) thrown at [C:\src\AOSP-openjdk-git\hotspot\src\share\vm\prims\jni.cpp, line 710]

Events (10 events):
Event: 12233.816 Thread 0x000000001d37d000 DEOPT UNPACKING pc=0x0000000002af557b sp=0x0000000025c7e500 mode 2
Event: 12233.816 Thread 0x000000001d37d000 Uncommon trap: trap_request=0xffffffde fr.pc=0x0000000003f2d0c4
Event: 12233.816 Thread 0x000000001d37d000 DEOPT PACKING pc=0x0000000003f2d0c4 sp=0x0000000025c7e660
Event: 12233.816 Thread 0x000000001d37d000 DEOPT UNPACKING pc=0x0000000002af557b sp=0x0000000025c7e600 mode 2
Event: 12233.816 Thread 0x000000001d37d000 Uncommon trap: trap_request=0xffffffde fr.pc=0x0000000003aa63bc
Event: 12233.816 Thread 0x000000001d37d000 DEOPT PACKING pc=0x0000000003aa63bc sp=0x0000000025c7e5d0
Event: 12233.816 Thread 0x000000001d37d000 DEOPT UNPACKING pc=0x0000000002af557b sp=0x0000000025c7e4e0 mode 2
Event: 12233.945 Thread 0x000000001d37d000 Uncommon trap: trap_request=0xffffffde fr.pc=0x00000000037fd978
Event: 12233.945 Thread 0x000000001d37d000 DEOPT PACKING pc=0x00000000037fd978 sp=0x0000000025c7e670
Event: 12233.945 Thread 0x000000001d37d000 DEOPT UNPACKING pc=0x0000000002af557b sp=0x0000000025c7e608 mode 2


Dynamic libraries:
0x00007ff717240000 - 0x00007ff717271000 	C:\Program Files\Android\Android Studio\jre\bin\java.exe
0x00007ffe002e0000 - 0x00007ffe004d0000 	C:\WINDOWS\SYSTEM32\ntdll.dll
0x00007ffdfec10000 - 0x00007ffdfecc2000 	C:\WINDOWS\System32\KERNEL32.DLL
0x00007ffdfdb60000 - 0x00007ffdfde05000 	C:\WINDOWS\System32\KERNELBASE.dll
0x00007ffdffbe0000 - 0x00007ffdffc83000 	C:\WINDOWS\System32\ADVAPI32.dll
0x00007ffdffa10000 - 0x00007ffdffaae000 	C:\WINDOWS\System32\msvcrt.dll
0x00007ffdff890000 - 0x00007ffdff927000 	C:\WINDOWS\System32\sechost.dll
0x00007ffdff140000 - 0x00007ffdff25f000 	C:\WINDOWS\System32\RPCRT4.dll
0x00007ffe00100000 - 0x00007ffe00294000 	C:\WINDOWS\System32\USER32.dll
0x00007ffdfdeb0000 - 0x00007ffdfded1000 	C:\WINDOWS\System32\win32u.dll
0x00007ffdfed80000 - 0x00007ffdfeda6000 	C:\WINDOWS\System32\GDI32.dll
0x00007ffdfdee0000 - 0x00007ffdfe078000 	C:\WINDOWS\System32\gdi32full.dll
0x00007ffdfde10000 - 0x00007ffdfdeae000 	C:\WINDOWS\System32\msvcp_win.dll
0x00007ffdfe290000 - 0x00007ffdfe38a000 	C:\WINDOWS\System32\ucrtbase.dll
0x00007ffdf6a20000 - 0x00007ffdf6ca4000 	C:\WINDOWS\WinSxS\amd64_microsoft.windows.common-controls_6595b64144ccf1df_6.0.18362.1440_none_9e7dbfb9e45e8e67\COMCTL32.dll
0x00007ffdffd60000 - 0x00007ffe00096000 	C:\WINDOWS\System32\combase.dll
0x00007ffdfdad0000 - 0x00007ffdfdb51000 	C:\WINDOWS\System32\bcryptPrimitives.dll
0x00007ffdfeb70000 - 0x00007ffdfeb9e000 	C:\WINDOWS\System32\IMM32.DLL
0x00000000579f0000 - 0x0000000057ac2000 	C:\Program Files\Android\Android Studio\jre\jre\bin\msvcr100.dll
0x0000000057ad0000 - 0x000000005831b000 	C:\Program Files\Android\Android Studio\jre\jre\bin\server\jvm.dll
0x00007ffdfe3a0000 - 0x00007ffdfe3a8000 	C:\WINDOWS\System32\PSAPI.DLL
0x00007ffdf3280000 - 0x00007ffdf3289000 	C:\WINDOWS\SYSTEM32\WSOCK32.dll
0x00007ffdff820000 - 0x00007ffdff88f000 	C:\WINDOWS\System32\WS2_32.dll
0x00007ffdfb3c0000 - 0x00007ffdfb3e4000 	C:\WINDOWS\SYSTEM32\WINMM.dll
0x00007ffdf92b0000 - 0x00007ffdf92ba000 	C:\WINDOWS\SYSTEM32\VERSION.dll
0x00007ffdfb390000 - 0x00007ffdfb3bd000 	C:\WINDOWS\SYSTEM32\WINMMBASE.dll
0x00007ffdfe1e0000 - 0x00007ffdfe22a000 	C:\WINDOWS\System32\cfgmgr32.dll
0x00007ffdea490000 - 0x00007ffdea49f000 	C:\Program Files\Android\Android Studio\jre\jre\bin\verify.dll
0x00007ffdcf260000 - 0x00007ffdcf289000 	C:\Program Files\Android\Android Studio\jre\jre\bin\java.dll
0x00007ffddc310000 - 0x00007ffddc326000 	C:\Program Files\Android\Android Studio\jre\jre\bin\zip.dll
0x00007ffdfe480000 - 0x00007ffdfeb68000 	C:\WINDOWS\System32\SHELL32.dll
0x00007ffdffab0000 - 0x00007ffdffb57000 	C:\WINDOWS\System32\shcore.dll
0x00007ffdfd270000 - 0x00007ffdfd9eb000 	C:\WINDOWS\System32\windows.storage.dll
0x00007ffdfd1c0000 - 0x00007ffdfd1de000 	C:\WINDOWS\System32\profapi.dll
0x00007ffdfd200000 - 0x00007ffdfd24a000 	C:\WINDOWS\System32\powrprof.dll
0x00007ffdfd190000 - 0x00007ffdfd1a0000 	C:\WINDOWS\System32\UMPDC.dll
0x00007ffdff930000 - 0x00007ffdff982000 	C:\WINDOWS\System32\shlwapi.dll
0x00007ffdfd1a0000 - 0x00007ffdfd1b1000 	C:\WINDOWS\System32\kernel.appcore.dll
0x00007ffdfd250000 - 0x00007ffdfd267000 	C:\WINDOWS\System32\cryptsp.dll
0x00007ffdd2910000 - 0x00007ffdd292a000 	C:\Program Files\Android\Android Studio\jre\jre\bin\net.dll
0x00007ffdfc970000 - 0x00007ffdfc9d7000 	C:\WINDOWS\system32\mswsock.dll
0x00007ffdcfa10000 - 0x00007ffdcfa23000 	C:\Program Files\Android\Android Studio\jre\jre\bin\nio.dll
0x00007ffdf3590000 - 0x00007ffdf35b6000 	C:\Users\venkateswarlu b\.gradle\native\30\windows-amd64\native-platform.dll
0x00007ffdea410000 - 0x00007ffdea41d000 	C:\Program Files\Android\Android Studio\jre\jre\bin\management.dll
0x00007ffdfc4f0000 - 0x00007ffdfc523000 	C:\WINDOWS\system32\rsaenh.dll
0x00007ffdfdaa0000 - 0x00007ffdfdac6000 	C:\WINDOWS\System32\bcrypt.dll
0x00007ffdfd0b0000 - 0x00007ffdfd0d5000 	C:\WINDOWS\SYSTEM32\USERENV.dll
0x00007ffdfcb40000 - 0x00007ffdfcb4c000 	C:\WINDOWS\SYSTEM32\CRYPTBASE.dll
0x00007ffdfc680000 - 0x00007ffdfc6ba000 	C:\WINDOWS\SYSTEM32\IPHLPAPI.DLL
0x00007ffdfe390000 - 0x00007ffdfe398000 	C:\WINDOWS\System32\NSI.dll
0x00007ffdf9780000 - 0x00007ffdf9796000 	C:\WINDOWS\SYSTEM32\dhcpcsvc6.DLL
0x00007ffdf9600000 - 0x00007ffdf961c000 	C:\WINDOWS\SYSTEM32\dhcpcsvc.DLL
0x00007ffdfc6c0000 - 0x00007ffdfc78b000 	C:\WINDOWS\SYSTEM32\DNSAPI.dll

VM Arguments:
jvm_args: -Xmx1536M -Dfile.encoding=windows-1252 -Duser.country=IN -Duser.language=en -Duser.variant 
java_command: org.gradle.launcher.daemon.bootstrap.GradleDaemon 5.6.2
java_class_path (initial): C:\Users\venkateswarlu b\.gradle\wrapper\dists\gradle-5.6.2-all\9st6wgf78h16so49nn74lgtbb\gradle-5.6.2\lib\gradle-launcher-5.6.2.jar
Launcher Type: SUN_STANDARD

Environment Variables:
JAVA_HOME=C:\Program Files\Android\Android Studio\jre
CLASSPATH=E:\flutter\ydrs-mobile-app\YourDoctorApp\android\\gradle\wrapper\gradle-wrapper.jar
PATH=C:\WINDOWS\system32;C:\WINDOWS;C:\WINDOWS\System32\Wbem;C:\WINDOWS\System32\WindowsPowerShell\v1.0\;C:\WINDOWS\System32\OpenSSH\;C:\Program Files\Git\cmd;C:\Users\venkateswarlu b\AppData\Local\Microsoft\WindowsApps;C:\Users\venkateswarlu b\AppData\Local\Programs\Microsoft VS Code\bin;C:\src\flutter\bin;
USERNAME=venkateswarlu b
OS=Windows_NT
PROCESSOR_IDENTIFIER=Intel64 Family 6 Model 158 Stepping 9, GenuineIntel



---------------  S Y S T E M  ---------------

OS: Windows 10.0 , 64 bit Build 18362 (10.0.18362.1350)

CPU:total 4 (initial active 4) (4 cores per cpu, 1 threads per core) family 6 model 158 stepping 9, cmov, cx8, fxsr, mmx, sse, sse2, sse3, ssse3, sse4.1, sse4.2, popcnt, avx, avx2, aes, clmul, erms, rtm, 3dnowpref, lzcnt, tsc, tscinvbit, bmi1, bmi2, adx

Memory: 4k page, physical 16658508k(3271644k free), swap 27922508k(0k free)

vm_info: OpenJDK 64-Bit Server VM (25.242-b01) for windows-amd64 JRE (1.8.0_242-release-1644-b01), built by "builder" with MS VC++ 10.0 (VS2010)

time: Tue Apr 06 16:53:52 2021
timezone: India Standard Time
elapsed time: 12234 seconds (0d 3h 23m 54s)

